#
# There is insufficient memory for the Java Runtime Environment to continue.
# Native memory allocation (mmap) failed to map 78118912 bytes for committing reserved memory.
# Possible reasons:
#   The system is out of physical RAM or swap space
#   In 32 bit mode, the process size limit was hit
# Possible solutions:
#   Reduce memory load on the system
#   Increase physical memory or swap space
#   Check if swap backing store is full
#   Use 64 bit Java on a 64 bit OS
#   Decrease Java heap size (-Xmx/-Xms)
#   Decrease number of Java threads
#   Decrease Java thread stack sizes (-Xss)
#   Set larger code cache with -XX:ReservedCodeCacheSize=
# This output file may be truncated or incomplete.
#
#  Out of Memory Error (os_linux.cpp:2640), pid=4297, tid=0x00007f894eefb700
#
# JRE version: OpenJDK Runtime Environment (8.0_152-b06) (build 1.8.0_152-release-1136-b06)
# Java VM: OpenJDK 64-Bit Server VM (25.152-b06 mixed mode linux-amd64 compressed oops)
# Core dump written. Default location: /home/icuz/AndroidStudioProjects/ya-ganaste-adt-4x/core or core.4297
#

---------------  T H R E A D  ---------------

Current thread (0x00007f896c079000):  VMThread [stack: 0x00007f894edfc000,0x00007f894eefc000] [id=4304]

Stack: [0x00007f894edfc000,0x00007f894eefc000],  sp=0x00007f894eefa520,  free space=1017k
Native frames: (J=compiled Java code, j=interpreted, Vv=VM code, C=native code)
V  [libjvm.so+0xa70d3f]  VMError::report_and_die()+0x2af
V  [libjvm.so+0x4c7207]  report_vm_out_of_memory(char const*, int, unsigned long, VMErrorType, char const*)+0x67
V  [libjvm.so+0x8b5b70]  os::pd_commit_memory(char*, unsigned long, unsigned long, bool)+0x100
V  [libjvm.so+0x8b078f]  os::commit_memory(char*, unsigned long, unsigned long, bool)+0x1f
V  [libjvm.so+0x92e446]  PSVirtualSpace::expand_by(unsigned long)+0x56
V  [libjvm.so+0x92f6d8]  PSYoungGen::resize(unsigned long, unsigned long)+0xd8
V  [libjvm.so+0x92be66]  PSScavenge::invoke_no_policy()+0x1356
V  [libjvm.so+0x92c20c]  PSScavenge::invoke()+0x4c
V  [libjvm.so+0x8dbda8]  ParallelScavengeHeap::failed_mem_allocate(unsigned long)+0x68
V  [libjvm.so+0xa72873]  VM_ParallelGCFailedAllocation::doit()+0x93
V  [libjvm.so+0xa778a6]  VM_Operation::evaluate()+0x46
V  [libjvm.so+0xa75102]  VMThread::evaluate_operation(VM_Operation*) [clone .constprop.31]+0xa2
V  [libjvm.so+0xa7652b]  VMThread::loop()+0x37b
V  [libjvm.so+0xa768d8]  VMThread::run()+0x78
V  [libjvm.so+0x8b3332]  java_start(Thread*)+0x102

VM_Operation (0x00007f894d294730): ParallelGCFailedAllocation, mode: safepoint, requested by thread 0x00007f8910003000


---------------  P R O C E S S  ---------------

Java Threads: ( => current thread )
  0x00007f88f0002000 JavaThread "RMI RenewClean-[127.0.0.1:43727,org.jetbrains.kotlin.daemon.common.LoopbackNetworkInterface$ClientLoopbackSocketFactory@17feb7d0]" daemon [_thread_blocked, id=7143, stack(0x00007f894c28a000,0x00007f894c38b000)]
  0x00007f8910003000 JavaThread "RMI TCP Connection(11)-127.0.0.1" daemon [_thread_blocked, id=7142, stack(0x00007f894d199000,0x00007f894d29a000)]
  0x00007f8910001800 JavaThread "RMI TCP Connection(10)-127.0.0.1" daemon [_thread_in_native, id=7140, stack(0x00007f894d99f000,0x00007f894daa0000)]
  0x00007f88f400f800 JavaThread "RMI Scheduler(0)" daemon [_thread_blocked, id=4319, stack(0x00007f894d39b000,0x00007f894d49c000)]
  0x00007f896c00c000 JavaThread "DestroyJavaVM" [_thread_blocked, id=4299, stack(0x00007f8971318000,0x00007f8971418000)]
  0x00007f896c380800 JavaThread "GC Daemon" daemon [_thread_blocked, id=4317, stack(0x00007f894d79d000,0x00007f894d89e000)]
  0x00007f896c379800 JavaThread "RMI Reaper" [_thread_blocked, id=4316, stack(0x00007f894d89e000,0x00007f894d99f000)]
  0x00007f896c368800 JavaThread "Timer-0" daemon [_thread_blocked, id=4314, stack(0x00007f894daa0000,0x00007f894dba1000)]
  0x00007f896c366800 JavaThread "RMI TCP Accept-17558" daemon [_thread_in_native, id=4313, stack(0x00007f894dba1000,0x00007f894dca2000)]
  0x00007f896c0cb800 JavaThread "Service Thread" daemon [_thread_blocked, id=4311, stack(0x00007f894e6f4000,0x00007f894e7f5000)]
  0x00007f896c0be800 JavaThread "C1 CompilerThread2" daemon [_thread_blocked, id=4310, stack(0x00007f894e7f6000,0x00007f894e8f6000)]
  0x00007f896c0bc800 JavaThread "C2 CompilerThread1" daemon [_thread_blocked, id=4309, stack(0x00007f894e8f7000,0x00007f894e9f7000)]
  0x00007f896c0ba000 JavaThread "C2 CompilerThread0" daemon [_thread_blocked, id=4308, stack(0x00007f894e9f8000,0x00007f894eaf8000)]
  0x00007f896c0b8000 JavaThread "Signal Dispatcher" daemon [_thread_blocked, id=4307, stack(0x00007f894eaf8000,0x00007f894ebf9000)]
  0x00007f896c085800 JavaThread "Finalizer" daemon [_thread_blocked, id=4306, stack(0x00007f894ebf9000,0x00007f894ecfa000)]
  0x00007f896c081000 JavaThread "Reference Handler" daemon [_thread_blocked, id=4305, stack(0x00007f894ecfa000,0x00007f894edfb000)]

Other Threads:
=>0x00007f896c079000 VMThread [stack: 0x00007f894edfc000,0x00007f894eefc000] [id=4304]
  0x00007f896c0ce000 WatcherThread [stack: 0x00007f894e5f4000,0x00007f894e6f4000] [id=4312]

VM state:at safepoint (normal execution)

VM Mutex/Monitor currently owned by a thread:  ([mutex/lock_event])
[0x00007f896c008c90] Threads_lock - owner thread: 0x00007f896c079000
[0x00007f896c009190] Heap_lock - owner thread: 0x00007f8910003000

Heap:
 PSYoungGen      total 383488K, used 62548K [0x00000000d5580000, 0x00000000f0d00000, 0x0000000100000000)
  eden space 316928K, 0% used [0x00000000d5580000,0x00000000d5580000,0x00000000e8b00000)
  from space 66560K, 93% used [0x00000000e8b00000,0x00000000ec815360,0x00000000ecc00000)
  to   space 66560K, 0% used [0x00000000ecc00000,0x00000000ecc00000,0x00000000f0d00000)
 ParOldGen       total 196096K, used 17670K [0x0000000080000000, 0x000000008bf80000, 0x00000000d5580000)
  object space 196096K, 9% used [0x0000000080000000,0x00000000811419c8,0x000000008bf80000)
 Metaspace       used 67165K, capacity 69080K, committed 69272K, reserved 1110016K
  class space    used 7559K, capacity 7989K, committed 8112K, reserved 1048576K

Card table byte_map: [0x00007f89704b7000,0x00007f89708b8000] byte_map_base: 0x00007f89700b7000

Marking Bits: (ParMarkBitMap*) 0x00007f89724dc160
 Begin Bits: [0x00007f8954000000, 0x00007f8956000000)
 End Bits:   [0x00007f8956000000, 0x00007f8958000000)

Polling page: 0x00007f8972959000

CodeCache: size=245760Kb used=51548Kb max_used=52242Kb free=194211Kb
 bounds [0x00007f895d000000, 0x00007f8960360000, 0x00007f896c000000]
 total_blobs=15146 nmethods=14604 adapters=453
 compilation: enabled

Compilation events (10 events):
Event: 4112.556 Thread 0x00007f896c0be800 17459       2       org.jetbrains.kotlin.metadata.ProtoBuf$Constructor$Builder::<init> (29 bytes)
Event: 4112.557 Thread 0x00007f896c0be800 nmethod 17459 0x00007f8960326d90 code [0x00007f8960326f00, 0x00007f89603270d0]
Event: 4112.557 Thread 0x00007f896c0be800 17460       2       org.jetbrains.kotlin.metadata.ProtoBuf$Constructor$Builder::ensureVersionRequirementIsMutable (36 bytes)
Event: 4112.557 Thread 0x00007f896c0be800 nmethod 17460 0x00007f895d54fc10 code [0x00007f895d54fd80, 0x00007f895d54ff88]
Event: 4112.557 Thread 0x00007f896c0be800 17461       2       org.jetbrains.kotlin.metadata.ProtoBuf$Constructor$Builder::buildPartial (127 bytes)
Event: 4112.564 Thread 0x00007f896c0be800 nmethod 17461 0x00007f895f54cd50 code [0x00007f895f54cf20, 0x00007f895f54d848]
Event: 4112.706 Thread 0x00007f896c0be800 17463       2       java.util.TimSort::reverseRange (32 bytes)
Event: 4112.706 Thread 0x00007f896c0be800 nmethod 17463 0x00007f895e950090 code [0x00007f895e950200, 0x00007f895e9504d0]
Event: 4112.718 Thread 0x00007f896c0be800 17464       2       org.jetbrains.kotlin.com.intellij.psi.impl.source.ClassInnerStuffCache$$Lambda$177/1375970229::compute (8 bytes)
Event: 4112.719 Thread 0x00007f896c0be800 nmethod 17464 0x00007f895e14b590 code [0x00007f895e14b720, 0x00007f895e14bab8]

GC Heap History (10 events):
Event: 2111.693 GC heap after
Heap after GC invocations=14 (full 3):
 PSYoungGen      total 268800K, used 52222K [0x00000000d5580000, 0x00000000ed280000, 0x0000000100000000)
  eden space 216576K, 0% used [0x00000000d5580000,0x00000000d5580000,0x00000000e2900000)
  from space 52224K, 99% used [0x00000000e2900000,0x00000000e5bffbb0,0x00000000e5c00000)
  to   space 60416K, 0% used [0x00000000e9780000,0x00000000e9780000,0x00000000ed280000)
 ParOldGen       total 196096K, used 90581K [0x0000000080000000, 0x000000008bf80000, 0x00000000d5580000)
  object space 196096K, 46% used [0x0000000080000000,0x0000000085875758,0x000000008bf80000)
 Metaspace       used 64588K, capacity 66100K, committed 66200K, reserved 1107968K
  class space    used 7431K, capacity 7777K, committed 7856K, reserved 1048576K
}
Event: 3399.672 GC heap before
{Heap before GC invocations=15 (full 3):
 PSYoungGen      total 268800K, used 268798K [0x00000000d5580000, 0x00000000ed280000, 0x0000000100000000)
  eden space 216576K, 100% used [0x00000000d5580000,0x00000000e2900000,0x00000000e2900000)
  from space 52224K, 99% used [0x00000000e2900000,0x00000000e5bffbb0,0x00000000e5c00000)
  to   space 60416K, 0% used [0x00000000e9780000,0x00000000e9780000,0x00000000ed280000)
 ParOldGen       total 196096K, used 90581K [0x0000000080000000, 0x000000008bf80000, 0x00000000d5580000)
  object space 196096K, 46% used [0x0000000080000000,0x0000000085875758,0x000000008bf80000)
 Metaspace       used 65317K, capacity 66882K, committed 66968K, reserved 1107968K
  class space    used 7446K, capacity 7816K, committed 7856K, reserved 1048576K
Event: 3399.685 GC heap after
Heap after GC invocations=15 (full 3):
 PSYoungGen      total 313344K, used 3222K [0x00000000d5580000, 0x00000000ecb00000, 0x0000000100000000)
  eden space 260608K, 0% used [0x00000000d5580000,0x00000000d5580000,0x00000000e5400000)
  from space 52736K, 6% used [0x00000000e9780000,0x00000000e9aa5bf8,0x00000000ecb00000)
  to   space 60928K, 0% used [0x00000000e5400000,0x00000000e5400000,0x00000000e8f80000)
 ParOldGen       total 196096K, used 92615K [0x0000000080000000, 0x000000008bf80000, 0x00000000d5580000)
  object space 196096K, 47% used [0x0000000080000000,0x0000000085a71ce0,0x000000008bf80000)
 Metaspace       used 65317K, capacity 66882K, committed 66968K, reserved 1107968K
  class space    used 7446K, capacity 7816K, committed 7856K, reserved 1048576K
}
Event: 3403.490 GC heap before
{Heap before GC invocations=16 (full 3):
 PSYoungGen      total 313344K, used 263830K [0x00000000d5580000, 0x00000000ecb00000, 0x0000000100000000)
  eden space 260608K, 100% used [0x00000000d5580000,0x00000000e5400000,0x00000000e5400000)
  from space 52736K, 6% used [0x00000000e9780000,0x00000000e9aa5bf8,0x00000000ecb00000)
  to   space 60928K, 0% used [0x00000000e5400000,0x00000000e5400000,0x00000000e8f80000)
 ParOldGen       total 196096K, used 92615K [0x0000000080000000, 0x000000008bf80000, 0x00000000d5580000)
  object space 196096K, 47% used [0x0000000080000000,0x0000000085a71ce0,0x000000008bf80000)
 Metaspace       used 66697K, capacity 68606K, committed 68760K, reserved 1110016K
  class space    used 7561K, capacity 8004K, committed 8112K, reserved 1048576K
Event: 3403.582 GC heap after
Heap after GC invocations=16 (full 3):
 PSYoungGen      total 321536K, used 49402K [0x00000000d5580000, 0x00000000f0d00000, 0x0000000100000000)
  eden space 260608K, 0% used [0x00000000d5580000,0x00000000d5580000,0x00000000e5400000)
  from space 60928K, 81% used [0x00000000e5400000,0x00000000e843e9d8,0x00000000e8f80000)
  to   space 66560K, 0% used [0x00000000ecc00000,0x00000000ecc00000,0x00000000f0d00000)
 ParOldGen       total 196096K, used 92623K [0x0000000080000000, 0x000000008bf80000, 0x00000000d5580000)
  object space 196096K, 47% used [0x0000000080000000,0x0000000085a73ce0,0x000000008bf80000)
 Metaspace       used 66697K, capacity 68606K, committed 68760K, reserved 1110016K
  class space    used 7561K, capacity 8004K, committed 8112K, reserved 1048576K
}
Event: 3619.151 GC heap before
{Heap before GC invocations=17 (full 3):
 PSYoungGen      total 321536K, used 293130K [0x00000000d5580000, 0x00000000f0d00000, 0x0000000100000000)
  eden space 260608K, 93% used [0x00000000d5580000,0x00000000e43840b0,0x00000000e5400000)
  from space 60928K, 81% used [0x00000000e5400000,0x00000000e843e9d8,0x00000000e8f80000)
  to   space 66560K, 0% used [0x00000000ecc00000,0x00000000ecc00000,0x00000000f0d00000)
 ParOldGen       total 196096K, used 92623K [0x0000000080000000, 0x000000008bf80000, 0x00000000d5580000)
  object space 196096K, 47% used [0x0000000080000000,0x0000000085a73ce0,0x000000008bf80000)
 Metaspace       used 67126K, capacity 69162K, committed 69272K, reserved 1110016K
  class space    used 7573K, capacity 8036K, committed 8112K, reserved 1048576K
Event: 3619.160 GC heap after
Heap after GC invocations=17 (full 3):
 PSYoungGen      total 383488K, used 3976K [0x00000000d5580000, 0x00000000f0d00000, 0x0000000100000000)
  eden space 316928K, 0% used [0x00000000d5580000,0x00000000d5580000,0x00000000e8b00000)
  from space 66560K, 5% used [0x00000000ecc00000,0x00000000ecfe2180,0x00000000f0d00000)
  to   space 66560K, 0% used [0x00000000e8b00000,0x00000000e8b00000,0x00000000ecc00000)
 ParOldGen       total 196096K, used 92631K [0x0000000080000000, 0x000000008bf80000, 0x00000000d5580000)
  object space 196096K, 47% used [0x0000000080000000,0x0000000085a75ce0,0x000000008bf80000)
 Metaspace       used 67126K, capacity 69162K, committed 69272K, reserved 1110016K
  class space    used 7573K, capacity 8036K, committed 8112K, reserved 1048576K
}
Event: 3619.160 GC heap before
{Heap before GC invocations=18 (full 4):
 PSYoungGen      total 383488K, used 3976K [0x00000000d5580000, 0x00000000f0d00000, 0x0000000100000000)
  eden space 316928K, 0% used [0x00000000d5580000,0x00000000d5580000,0x00000000e8b00000)
  from space 66560K, 5% used [0x00000000ecc00000,0x00000000ecfe2180,0x00000000f0d00000)
  to   space 66560K, 0% used [0x00000000e8b00000,0x00000000e8b00000,0x00000000ecc00000)
 ParOldGen       total 196096K, used 92631K [0x0000000080000000, 0x000000008bf80000, 0x00000000d5580000)
  object space 196096K, 47% used [0x0000000080000000,0x0000000085a75ce0,0x000000008bf80000)
 Metaspace       used 67126K, capacity 69162K, committed 69272K, reserved 1110016K
  class space    used 7573K, capacity 8036K, committed 8112K, reserved 1048576K
Event: 3619.401 GC heap after
Heap after GC invocations=18 (full 4):
 PSYoungGen      total 383488K, used 0K [0x00000000d5580000, 0x00000000f0d00000, 0x0000000100000000)
  eden space 316928K, 0% used [0x00000000d5580000,0x00000000d5580000,0x00000000e8b00000)
  from space 66560K, 0% used [0x00000000ecc00000,0x00000000ecc00000,0x00000000f0d00000)
  to   space 66560K, 0% used [0x00000000e8b00000,0x00000000e8b00000,0x00000000ecc00000)
 ParOldGen       total 196096K, used 17662K [0x0000000080000000, 0x000000008bf80000, 0x00000000d5580000)
  object space 196096K, 9% used [0x0000000080000000,0x000000008113f9c8,0x000000008bf80000)
 Metaspace       used 66713K, capacity 68690K, committed 69272K, reserved 1110016K
  class space    used 7519K, capacity 7948K, committed 8112K, reserved 1048576K
}
Event: 4112.739 GC heap before
{Heap before GC invocations=19 (full 4):
 PSYoungGen      total 383488K, used 316928K [0x00000000d5580000, 0x00000000f0d00000, 0x0000000100000000)
  eden space 316928K, 100% used [0x00000000d5580000,0x00000000e8b00000,0x00000000e8b00000)
  from space 66560K, 0% used [0x00000000ecc00000,0x00000000ecc00000,0x00000000f0d00000)
  to   space 66560K, 0% used [0x00000000e8b00000,0x00000000e8b00000,0x00000000ecc00000)
 ParOldGen       total 196096K, used 17662K [0x0000000080000000, 0x000000008bf80000, 0x00000000d5580000)
  object space 196096K, 9% used [0x0000000080000000,0x000000008113f9c8,0x000000008bf80000)
 Metaspace       used 67165K, capacity 69080K, committed 69272K, reserved 1110016K
  class space    used 7559K, capacity 7989K, committed 8112K, reserved 1048576K

Deoptimization events (10 events):
Event: 4112.091 Thread 0x00007f8910003000 Uncommon trap: reason=class_check action=maybe_recompile pc=0x00007f895fb66e08 method=org.jetbrains.kotlin.resolve.MemberComparator$NameAndTypeMemberComparator.getDeclarationPriority(Lorg/jetbrains/kotlin/descriptors/DeclarationDescriptor;)I @ 68
Event: 4112.091 Thread 0x00007f8910003000 Uncommon trap: reason=class_check action=maybe_recompile pc=0x00007f895fb56fb4 method=org.jetbrains.kotlin.resolve.MemberComparator$NameAndTypeMemberComparator.getDeclarationPriority(Lorg/jetbrains/kotlin/descriptors/DeclarationDescriptor;)I @ 68
Event: 4112.197 Thread 0x00007f8910003000 Uncommon trap: reason=class_check action=maybe_recompile pc=0x00007f89603376e0 method=org.jetbrains.kotlin.serialization.DescriptorSerializer.allTypesFromSignature(Lorg/jetbrains/kotlin/descriptors/CallableMemberDescriptor;)Ljava/util/List; @ 56
Event: 4112.197 Thread 0x00007f8910003000 Uncommon trap: reason=class_check action=maybe_recompile pc=0x00007f89603376e0 method=org.jetbrains.kotlin.serialization.DescriptorSerializer.allTypesFromSignature(Lorg/jetbrains/kotlin/descriptors/CallableMemberDescriptor;)Ljava/util/List; @ 56
Event: 4112.197 Thread 0x00007f8910003000 Uncommon trap: reason=class_check action=maybe_recompile pc=0x00007f89603376e0 method=org.jetbrains.kotlin.serialization.DescriptorSerializer.allTypesFromSignature(Lorg/jetbrains/kotlin/descriptors/CallableMemberDescriptor;)Ljava/util/List; @ 56
Event: 4112.197 Thread 0x00007f8910003000 Uncommon trap: reason=class_check action=maybe_recompile pc=0x00007f89603376e0 method=org.jetbrains.kotlin.serialization.DescriptorSerializer.allTypesFromSignature(Lorg/jetbrains/kotlin/descriptors/CallableMemberDescriptor;)Ljava/util/List; @ 56
Event: 4112.286 Thread 0x00007f8910003000 Uncommon trap: reason=speculate_class_check action=maybe_recompile pc=0x00007f895d8c98b0 method=org.jetbrains.kotlin.types.KotlinTypeKt.isError(Lorg/jetbrains/kotlin/types/KotlinType;)Z @ 14
Event: 4112.288 Thread 0x00007f8910003000 Uncommon trap: reason=speculate_class_check action=maybe_recompile pc=0x00007f895d8c98b0 method=org.jetbrains.kotlin.types.KotlinTypeKt.isError(Lorg/jetbrains/kotlin/types/KotlinType;)Z @ 14
Event: 4112.288 Thread 0x00007f8910003000 Uncommon trap: reason=speculate_class_check action=maybe_recompile pc=0x00007f895d8c98b0 method=org.jetbrains.kotlin.types.KotlinTypeKt.isError(Lorg/jetbrains/kotlin/types/KotlinType;)Z @ 14
Event: 4112.288 Thread 0x00007f8910003000 Uncommon trap: reason=speculate_class_check action=maybe_recompile pc=0x00007f895d8c98b0 method=org.jetbrains.kotlin.types.KotlinTypeKt.isError(Lorg/jetbrains/kotlin/types/KotlinType;)Z @ 14

Classes redefined (0 events):
No events

Internal exceptions (10 events):
Event: 3406.454 Thread 0x00007f8910003000 Exception <a 'sun/nio/fs/UnixException'> (0x00000000e3a97c58) thrown at [/usr/local/google/home/ralucas/source/AOSP-openjdk-git/jdk8u/hotspot/src/share/vm/prims/jni.cpp, line 709]
Event: 3406.455 Thread 0x00007f8910003000 Exception <a 'java/io/FileNotFoundException'> (0x00000000e3a996f0) thrown at [/usr/local/google/home/ralucas/source/AOSP-openjdk-git/jdk8u/hotspot/src/share/vm/prims/jni.cpp, line 709]
Event: 3406.455 Thread 0x00007f8910003000 Exception <a 'java/io/FileNotFoundException'> (0x00000000e3a9b048) thrown at [/usr/local/google/home/ralucas/source/AOSP-openjdk-git/jdk8u/hotspot/src/share/vm/prims/jni.cpp, line 709]
Event: 4109.818 Thread 0x00007f88f0002000 Exception <a 'java/lang/InterruptedException'> (0x00000000d5eac7f0) thrown at [/usr/local/google/home/ralucas/source/AOSP-openjdk-git/jdk8u/hotspot/src/share/vm/runtime/objectMonitor.cpp, line 1684]
Event: 4109.835 Thread 0x00007f8910003000 Implicit null exception at 0x00007f895fc82bc3 to 0x00007f895fc85875
Event: 4110.584 Thread 0x00007f8910003000 Exception <a 'java/io/FileNotFoundException'> (0x00000000dba17ae0) thrown at [/usr/local/google/home/ralucas/source/AOSP-openjdk-git/jdk8u/hotspot/src/share/vm/prims/jni.cpp, line 709]
Event: 4110.584 Thread 0x00007f8910003000 Exception <a 'sun/nio/fs/UnixException'> (0x00000000dba19260) thrown at [/usr/local/google/home/ralucas/source/AOSP-openjdk-git/jdk8u/hotspot/src/share/vm/prims/jni.cpp, line 709]
Event: 4110.584 Thread 0x00007f8910003000 Exception <a 'sun/nio/fs/UnixException'> (0x00000000dba1e168) thrown at [/usr/local/google/home/ralucas/source/AOSP-openjdk-git/jdk8u/hotspot/src/share/vm/prims/jni.cpp, line 709]
Event: 4110.585 Thread 0x00007f8910003000 Exception <a 'java/io/FileNotFoundException'> (0x00000000dba1fbe0) thrown at [/usr/local/google/home/ralucas/source/AOSP-openjdk-git/jdk8u/hotspot/src/share/vm/prims/jni.cpp, line 709]
Event: 4110.585 Thread 0x00007f8910003000 Exception <a 'java/io/FileNotFoundException'> (0x00000000dba214f8) thrown at [/usr/local/google/home/ralucas/source/AOSP-openjdk-git/jdk8u/hotspot/src/share/vm/prims/jni.cpp, line 709]

Events (10 events):
Event: 4112.358 Thread 0x00007f896c0bc800 flushing nmethod 0x00007f895f5fcb90
Event: 4112.367 Thread 0x00007f896c0bc800 flushing nmethod 0x00007f895fad9790
Event: 4112.368 Thread 0x00007f896c0bc800 flushing nmethod 0x00007f895fb28010
Event: 4112.368 Thread 0x00007f896c0bc800 flushing nmethod 0x00007f895fbe3d10
Event: 4112.368 Thread 0x00007f896c0bc800 flushing nmethod 0x00007f895fd00f10
Event: 4112.368 Thread 0x00007f896c0bc800 flushing nmethod 0x00007f895fd03bd0
Event: 4112.368 Thread 0x00007f896c0bc800 flushing nmethod 0x00007f895fd05290
Event: 4112.369 Thread 0x00007f896c0bc800 flushing nmethod 0x00007f895fd24610
Event: 4112.369 Thread 0x00007f896c0bc800 flushing nmethod 0x00007f895fd58bd0
Event: 4112.738 Executing VM operation: ParallelGCFailedAllocation


Dynamic libraries:
80000000-8bf80000 rw-p 00000000 00:00 0 
8bf80000-d5580000 ---p 00000000 00:00 0 
d5580000-f0d00000 rw-p 00000000 00:00 0 
f5780000-100000000 ---p 00000000 00:00 0 
100000000-1007ec000 rw-p 00000000 00:00 0 
1007ec000-140000000 ---p 00000000 00:00 0 
5623fa0a0000-5623fa0a1000 r-xp 00000000 08:01 14025868                   /home/icuz/Documentos/android-studio/jre/jre/bin/java
5623fa2a0000-5623fa2a1000 r--p 00000000 08:01 14025868                   /home/icuz/Documentos/android-studio/jre/jre/bin/java
5623fa2a1000-5623fa2a2000 rw-p 00001000 08:01 14025868                   /home/icuz/Documentos/android-studio/jre/jre/bin/java
5623faa17000-5623faa38000 rw-p 00000000 00:00 0                          [heap]
7f88e4000000-7f88e4021000 rw-p 00000000 00:00 0 
7f88e4021000-7f88e8000000 ---p 00000000 00:00 0 
7f88ec000000-7f88ed439000 rw-p 00000000 00:00 0 
7f88ed439000-7f88f0000000 ---p 00000000 00:00 0 
7f88f0000000-7f88f029f000 rw-p 00000000 00:00 0 
7f88f029f000-7f88f4000000 ---p 00000000 00:00 0 
7f88f4000000-7f88f43b1000 rw-p 00000000 00:00 0 
7f88f43b1000-7f88f8000000 ---p 00000000 00:00 0 
7f88f8000000-7f88f8021000 rw-p 00000000 00:00 0 
7f88f8021000-7f88fc000000 ---p 00000000 00:00 0 
7f88fc000000-7f88fc021000 rw-p 00000000 00:00 0 
7f88fc021000-7f8900000000 ---p 00000000 00:00 0 
7f8900000000-7f8900021000 rw-p 00000000 00:00 0 
7f8900021000-7f8904000000 ---p 00000000 00:00 0 
7f8904000000-7f8904021000 rw-p 00000000 00:00 0 
7f8904021000-7f8908000000 ---p 00000000 00:00 0 
7f8908000000-7f8908027000 rw-p 00000000 00:00 0 
7f8908027000-7f890c000000 ---p 00000000 00:00 0 
7f890c000000-7f890c021000 rw-p 00000000 00:00 0 
7f890c021000-7f8910000000 ---p 00000000 00:00 0 
7f8910000000-7f8910021000 rw-p 00000000 00:00 0 
7f8910021000-7f8914000000 ---p 00000000 00:00 0 
7f8914000000-7f891514c000 rw-p 00000000 00:00 0 
7f891514c000-7f8918000000 ---p 00000000 00:00 0 
7f8918000000-7f8918021000 rw-p 00000000 00:00 0 
7f8918021000-7f891c000000 ---p 00000000 00:00 0 
7f891c000000-7f891da21000 rw-p 00000000 00:00 0 
7f891da21000-7f8920000000 ---p 00000000 00:00 0 
7f8920000000-7f8921527000 rw-p 00000000 00:00 0 
7f8921527000-7f8924000000 ---p 00000000 00:00 0 
7f8924000000-7f8924021000 rw-p 00000000 00:00 0 
7f8924021000-7f8928000000 ---p 00000000 00:00 0 
7f8928b85000-7f8928d45000 rw-p 00000000 00:00 0 
7f8928d45000-7f8928d85000 ---p 00000000 00:00 0 
7f8928d85000-7f8928ea6000 r--s 02b7d000 08:01 14294198                   /home/icuz/Android/Sdk/platforms/android-28/android.jar
7f8928ead000-7f89290ad000 rw-p 00000000 00:00 0 
7f89291d3000-7f89293d3000 rw-p 00000000 00:00 0 
7f89293d3000-7f89295d3000 rw-p 00000000 00:00 0 
7f89295d3000-7f89297cf000 rw-p 00000000 00:00 0 
7f89297cf000-7f89297d3000 ---p 00000000 00:00 0 
7f89297ed000-7f89299ed000 rw-p 00000000 00:00 0 
7f8929a2c000-7f8929c2c000 rw-p 00000000 00:00 0 
7f8929c2c000-7f8929e2c000 rw-p 00000000 00:00 0 
7f8929e4e000-7f892a04e000 rw-p 00000000 00:00 0 
7f892a058000-7f892a258000 rw-p 00000000 00:00 0 
7f892a258000-7f892a458000 rw-p 00000000 00:00 0 
7f892a458000-7f892a658000 rw-p 00000000 00:00 0 
7f892a658000-7f892a858000 rw-p 00000000 00:00 0 
7f892a858000-7f892aa58000 rw-p 00000000 00:00 0 
7f892aa58000-7f892ac56000 rw-p 00000000 00:00 0 
7f892ac56000-7f892ac58000 ---p 00000000 00:00 0 
7f892ac58000-7f892ae58000 rw-p 00000000 00:00 0 
7f892ae58000-7f892b058000 rw-p 00000000 00:00 0 
7f892b058000-7f8938000000 r--p 00000000 08:01 9961649                    /usr/lib/locale/locale-archive
7f8938000000-7f8938021000 rw-p 00000000 00:00 0 
7f8938021000-7f893c000000 ---p 00000000 00:00 0 
7f893c000000-7f893c021000 rw-p 00000000 00:00 0 
7f893c021000-7f8940000000 ---p 00000000 00:00 0 
7f8940000000-7f8940021000 rw-p 00000000 00:00 0 
7f8940021000-7f8944000000 ---p 00000000 00:00 0 
7f8944000000-7f8944315000 rw-p 00000000 00:00 0 
7f8944315000-7f8948000000 ---p 00000000 00:00 0 
7f8948000000-7f8948021000 rw-p 00000000 00:00 0 
7f8948021000-7f894c000000 ---p 00000000 00:00 0 
7f894c02d000-7f894c22d000 rw-p 00000000 00:00 0 
7f894c249000-7f894c24b000 r--s 00009000 08:01 1049769                    /home/icuz/.gradle/caches/modules-2/files-2.1/org.slf4j/slf4j-api/1.7.25/da76ca59f6a57ee3102f8f9bd9cee742973efa8a/slf4j-api-1.7.25.jar
7f894c268000-7f894c269000 r--s 00000000 08:01 923714                     /home/icuz/.gradle/caches/modules-2/files-2.1/org.jetbrains.kotlin/kotlin-stdlib-jre7/1.1.3-2/3fe54c7558c903868351ac79b792d152bca958f2/kotlin-stdlib-jre7-1.1.3-2.jar
7f894c270000-7f894c271000 r--s 00000000 08:01 2106805                    /home/icuz/.gradle/caches/modules-2/files-2.1/org.jetbrains.kotlin/kotlin-stdlib-jdk7/1.3.11/4839661cf6ce3c14b65ed7dcf5b9249b44ecca16/kotlin-stdlib-jdk7-1.3.11.jar
7f894c277000-7f894c282000 r--s 0003f000 08:01 14294195                   /home/icuz/Android/Sdk/platforms/android-28/optional/org.apache.http.legacy.jar
7f894c287000-7f894c289000 r--s 0000f000 08:01 5385094                    /home/icuz/.gradle/caches/modules-2/files-2.1/com.squareup.okio/okio/1.6.0/98476622f10715998eacf9240d6b479f12c66143/okio-1.6.0.jar
7f894c28a000-7f894c28d000 ---p 00000000 00:00 0 
7f894c28d000-7f894c58b000 rw-p 00000000 00:00 0 
7f894c58b000-7f894c78b000 rw-p 00000000 00:00 0 
7f894c78b000-7f894c98b000 rw-p 00000000 00:00 0 
7f894c98b000-7f894cb8b000 rw-p 00000000 00:00 0 
7f894cb8b000-7f894cb92000 r--s 0004b000 08:01 3153565                    /home/icuz/.gradle/caches/modules-2/files-2.1/org.jetbrains.kotlin/kotlin-android-extensions/1.3.11/61615dc1b4490a6a1940454da57496356067e488/kotlin-android-extensions-1.3.11.jar
7f894cb99000-7f894cd99000 rw-p 00000000 00:00 0 
7f894cd99000-7f894cf99000 rw-p 00000000 00:00 0 
7f894cf99000-7f894d199000 rw-p 00000000 00:00 0 
7f894d199000-7f894d19c000 ---p 00000000 00:00 0 
7f894d19c000-7f894d29a000 rw-p 00000000 00:00 0 
7f894d29a000-7f894d29d000 ---p 00000000 00:00 0 
7f894d29d000-7f894d39b000 rw-p 00000000 00:00 0 
7f894d39b000-7f894d39e000 ---p 00000000 00:00 0 
7f894d39e000-7f894d69c000 rw-p 00000000 00:00 0 
7f894d69c000-7f894d69f000 ---p 00000000 00:00 0 
7f894d69f000-7f894d79d000 rw-p 00000000 00:00 0 
7f894d79d000-7f894d7a0000 ---p 00000000 00:00 0 
7f894d7a0000-7f894d89e000 rw-p 00000000 00:00 0 
7f894d89e000-7f894d8a1000 ---p 00000000 00:00 0 
7f894d8a1000-7f894d99f000 rw-p 00000000 00:00 0 
7f894d99f000-7f894d9a2000 ---p 00000000 00:00 0 
7f894d9a2000-7f894daa0000 rw-p 00000000 00:00 0 
7f894daa0000-7f894daa3000 ---p 00000000 00:00 0 
7f894daa3000-7f894dba1000 rw-p 00000000 00:00 0 
7f894dba1000-7f894dba4000 ---p 00000000 00:00 0 
7f894dba4000-7f894dca2000 rw-p 00000000 00:00 0 
7f894dca2000-7f894dca7000 r--s 0009a000 08:01 13372178                   /home/icuz/Documentos/android-studio/jre/jre/lib/jsse.jar
7f894dcad000-7f894dd26000 r--s 010fd000 08:01 13372079                   /home/icuz/Documentos/android-studio/jre/lib/tools.jar
7f894dd26000-7f894dd2d000 r--s 0001e000 08:01 1842589                    /home/icuz/.gradle/caches/modules-2/files-2.1/org.jetbrains.kotlin/kotlin-stdlib-common/1.3.11/d8b8e746e279f1c4f5e08bc14a96b82e6bb1de02/kotlin-stdlib-common-1.3.11.jar
7f894dd30000-7f894dd46000 r-xp 00000000 08:01 13372153                   /home/icuz/Documentos/android-studio/jre/jre/lib/amd64/libnet.so
7f894dd46000-7f894df45000 ---p 00016000 08:01 13372153                   /home/icuz/Documentos/android-studio/jre/jre/lib/amd64/libnet.so
7f894df45000-7f894df46000 r--p 00015000 08:01 13372153                   /home/icuz/Documentos/android-studio/jre/jre/lib/amd64/libnet.so
7f894df46000-7f894df47000 rw-p 00016000 08:01 13372153                   /home/icuz/Documentos/android-studio/jre/jre/lib/amd64/libnet.so
7f894df48000-7f894df59000 r-xp 00000000 08:01 13372171                   /home/icuz/Documentos/android-studio/jre/jre/lib/amd64/libnio.so
7f894df59000-7f894e158000 ---p 00011000 08:01 13372171                   /home/icuz/Documentos/android-studio/jre/jre/lib/amd64/libnio.so
7f894e158000-7f894e159000 r--p 00010000 08:01 13372171                   /home/icuz/Documentos/android-studio/jre/jre/lib/amd64/libnio.so
7f894e159000-7f894e15a000 rw-p 00011000 08:01 13372171                   /home/icuz/Documentos/android-studio/jre/jre/lib/amd64/libnio.so
7f894e160000-7f894e169000 r-xp 00000000 08:01 13372150                   /home/icuz/Documentos/android-studio/jre/jre/lib/amd64/libmanagement.so
7f894e169000-7f894e368000 ---p 00009000 08:01 13372150                   /home/icuz/Documentos/android-studio/jre/jre/lib/amd64/libmanagement.so
7f894e368000-7f894e369000 r--p 00008000 08:01 13372150                   /home/icuz/Documentos/android-studio/jre/jre/lib/amd64/libmanagement.so
7f894e369000-7f894e36a000 rw-p 00009000 08:01 13372150                   /home/icuz/Documentos/android-studio/jre/jre/lib/amd64/libmanagement.so
7f894e36c000-7f894e387000 r--s 00394000 08:01 13372135                   /home/icuz/Documentos/android-studio/jre/jre/lib/ext/cldrdata.jar
7f894e38e000-7f894e3a1000 r--s 0010e000 08:01 1842585                    /home/icuz/.gradle/caches/modules-2/files-2.1/org.jetbrains.kotlin/kotlin-stdlib/1.3.11/4cbc5922a54376018307a731162ccaf3ef851a39/kotlin-stdlib-1.3.11.jar
7f894e3a8000-7f894e3de000 r--s 00250000 08:01 1842587                    /home/icuz/.gradle/caches/modules-2/files-2.1/org.jetbrains.kotlin/kotlin-reflect/1.3.11/aae7b33412715e9ed441934c4ffaad1bb80e9d36/kotlin-reflect-1.3.11.jar
7f894e3de000-7f894e41d000 rw-p 00000000 00:00 0 
7f894e41d000-7f894e5f2000 r--s 01a6d000 08:01 1842591                    /home/icuz/.gradle/caches/modules-2/files-2.1/org.jetbrains.kotlin/kotlin-compiler-embeddable/1.3.11/a8db6c14f8b8ed74aa11b8379f961587b639c571/kotlin-compiler-embeddable-1.3.11.jar
7f894e5f3000-7f894e5f4000 ---p 00000000 00:00 0 
7f894e5f4000-7f894e6f4000 rw-p 00000000 00:00 0 
7f894e6f4000-7f894e6f7000 ---p 00000000 00:00 0 
7f894e6f7000-7f894e7f5000 rw-p 00000000 00:00 0 
7f894e7f5000-7f894e7f6000 ---p 00000000 00:00 0 
7f894e7f6000-7f894e7f9000 ---p 00000000 00:00 0 
7f894e7f9000-7f894e8f6000 rw-p 00000000 00:00 0 
7f894e8f6000-7f894e8f7000 ---p 00000000 00:00 0 
7f894e8f7000-7f894e8fa000 ---p 00000000 00:00 0 
7f894e8fa000-7f894e9f7000 rw-p 00000000 00:00 0 
7f894e9f7000-7f894e9f8000 ---p 00000000 00:00 0 
7f894e9f8000-7f894e9fb000 ---p 00000000 00:00 0 
7f894e9fb000-7f894eaf8000 rw-p 00000000 00:00 0 
7f894eaf8000-7f894eafb000 ---p 00000000 00:00 0 
7f894eafb000-7f894ebf9000 rw-p 00000000 00:00 0 
7f894ebf9000-7f894ebfc000 ---p 00000000 00:00 0 
7f894ebfc000-7f894ecfa000 rw-p 00000000 00:00 0 
7f894ecfa000-7f894ecfd000 ---p 00000000 00:00 0 
7f894ecfd000-7f894edfb000 rw-p 00000000 00:00 0 
7f894edfb000-7f894edfc000 ---p 00000000 00:00 0 
7f894edfc000-7f894fe2c000 rw-p 00000000 00:00 0 
7f894fe2c000-7f894fffc000 r--s 03c54000 08:01 13372177                   /home/icuz/Documentos/android-studio/jre/jre/lib/rt.jar
7f8950000000-7f8950021000 rw-p 00000000 00:00 0 
7f8950021000-7f8954000000 ---p 00000000 00:00 0 
7f8954000000-7f8958000000 rw-p 00000000 00:00 0 
7f8958000000-7f895802a000 rw-p 00000000 00:00 0 
7f895802a000-7f895c000000 ---p 00000000 00:00 0 
7f895c004000-7f895c008000 r--s 0002c000 08:01 1049791                    /home/icuz/.gradle/caches/modules-2/files-2.1/com.fasterxml.jackson.core/jackson-core/2.0.1/481d14ec21e034ed45217c4854dbbf15940ce108/jackson-core-2.0.1.jar
7f895c00b000-7f895cdfe000 rw-p 00000000 00:00 0 
7f895cdfe000-7f895cdff000 ---p 00000000 00:00 0 
7f895cdff000-7f895ceff000 rw-p 00000000 00:00 0 
7f895ceff000-7f895cf00000 ---p 00000000 00:00 0 
7f895cf00000-7f895d000000 rw-p 00000000 00:00 0 
7f895d000000-7f8960360000 rwxp 00000000 00:00 0 
7f8960360000-7f896c000000 ---p 00000000 00:00 0 
7f896c000000-7f896c3c3000 rw-p 00000000 00:00 0 
7f896c3c3000-7f8970000000 ---p 00000000 00:00 0 
7f8970003000-7f8970005000 r--s 00003000 08:01 262906                     /home/icuz/.gradle/caches/modules-2/files-2.1/org.jetbrains/annotations/13.0/919f0dfe192fb4e063e7dacadee7f8bb9a2672a9/annotations-13.0.jar
7f897000a000-7f897000b000 ---p 00000000 00:00 0 
7f897000b000-7f897010b000 rw-p 00000000 00:00 0 
7f897010b000-7f897010c000 ---p 00000000 00:00 0 
7f897010c000-7f897026c000 rw-p 00000000 00:00 0 
7f897026c000-7f89704b7000 ---p 00000000 00:00 0 
7f89704b7000-7f8970517000 rw-p 00000000 00:00 0 
7f8970517000-7f8970761000 ---p 00000000 00:00 0 
7f8970761000-7f897083e000 rw-p 00000000 00:00 0 
7f897083e000-7f89708b7000 ---p 00000000 00:00 0 
7f89708b7000-7f8970986000 rw-p 00000000 00:00 0 
7f8970986000-7f8970c78000 ---p 00000000 00:00 0 
7f8970c78000-7f8970c92000 r-xp 00000000 08:01 13372149                   /home/icuz/Documentos/android-studio/jre/jre/lib/amd64/libzip.so
7f8970c92000-7f8970e91000 ---p 0001a000 08:01 13372149                   /home/icuz/Documentos/android-studio/jre/jre/lib/amd64/libzip.so
7f8970e91000-7f8970e92000 r--p 00019000 08:01 13372149                   /home/icuz/Documentos/android-studio/jre/jre/lib/amd64/libzip.so
7f8970e92000-7f8970e93000 rw-p 0001a000 08:01 13372149                   /home/icuz/Documentos/android-studio/jre/jre/lib/amd64/libzip.so
7f8970e98000-7f8970e9b000 r--p 00000000 08:01 9964859                    /usr/lib64/libnss_files-2.28.so
7f8970e9b000-7f8970ea2000 r-xp 00003000 08:01 9964859                    /usr/lib64/libnss_files-2.28.so
7f8970ea2000-7f8970ea5000 r--p 0000a000 08:01 9964859                    /usr/lib64/libnss_files-2.28.so
7f8970ea5000-7f8970ea6000 r--p 0000c000 08:01 9964859                    /usr/lib64/libnss_files-2.28.so
7f8970ea6000-7f8970ea7000 rw-p 0000d000 08:01 9964859                    /usr/lib64/libnss_files-2.28.so
7f8970ea7000-7f8970ead000 rw-p 00000000 00:00 0 
7f8970eb0000-7f8970eb2000 r--p 00000000 08:01 9982890                    /usr/lib64/libnss_sss.so.2
7f8970eb2000-7f8970eb8000 r-xp 00002000 08:01 9982890                    /usr/lib64/libnss_sss.so.2
7f8970eb8000-7f8970eba000 r--p 00008000 08:01 9982890                    /usr/lib64/libnss_sss.so.2
7f8970eba000-7f8970ebb000 r--p 00009000 08:01 9982890                    /usr/lib64/libnss_sss.so.2
7f8970ebb000-7f8970ebc000 rw-p 0000a000 08:01 9982890                    /usr/lib64/libnss_sss.so.2
7f8970ec0000-7f8970eed000 r-xp 00000000 08:01 13372157                   /home/icuz/Documentos/android-studio/jre/jre/lib/amd64/libjava.so
7f8970eed000-7f89710ec000 ---p 0002d000 08:01 13372157                   /home/icuz/Documentos/android-studio/jre/jre/lib/amd64/libjava.so
7f89710ec000-7f89710ed000 r--p 0002c000 08:01 13372157                   /home/icuz/Documentos/android-studio/jre/jre/lib/amd64/libjava.so
7f89710ed000-7f89710ef000 rw-p 0002d000 08:01 13372157                   /home/icuz/Documentos/android-studio/jre/jre/lib/amd64/libjava.so
7f89710f0000-7f8971101000 r-xp 00000000 08:01 13372145                   /home/icuz/Documentos/android-studio/jre/jre/lib/amd64/libverify.so
7f8971101000-7f8971300000 ---p 00011000 08:01 13372145                   /home/icuz/Documentos/android-studio/jre/jre/lib/amd64/libverify.so
7f8971300000-7f8971302000 r--p 00010000 08:01 13372145                   /home/icuz/Documentos/android-studio/jre/jre/lib/amd64/libverify.so
7f8971302000-7f8971303000 rw-p 00012000 08:01 13372145                   /home/icuz/Documentos/android-studio/jre/jre/lib/amd64/libverify.so
7f8971308000-7f897130a000 r--p 00000000 08:01 9965501                    /usr/lib64/librt-2.28.so
7f897130a000-7f897130e000 r-xp 00002000 08:01 9965501                    /usr/lib64/librt-2.28.so
7f897130e000-7f8971310000 r--p 00006000 08:01 9965501                    /usr/lib64/librt-2.28.so
7f8971310000-7f8971311000 r--p 00007000 08:01 9965501                    /usr/lib64/librt-2.28.so
7f8971311000-7f8971312000 rw-p 00008000 08:01 9965501                    /usr/lib64/librt-2.28.so
7f8971317000-7f8971318000 ---p 00000000 00:00 0 
7f8971318000-7f897131b000 ---p 00000000 00:00 0 
7f897131b000-7f8971418000 rw-p 00000000 00:00 0 
7f8971418000-7f8971425000 r--p 00000000 08:01 9965492                    /usr/lib64/libm-2.28.so
7f8971425000-7f89714c5000 r-xp 0000d000 08:01 9965492                    /usr/lib64/libm-2.28.so
7f89714c5000-7f897159a000 r--p 000ad000 08:01 9965492                    /usr/lib64/libm-2.28.so
7f897159a000-7f897159b000 r--p 00181000 08:01 9965492                    /usr/lib64/libm-2.28.so
7f897159b000-7f897159c000 rw-p 00182000 08:01 9965492                    /usr/lib64/libm-2.28.so
7f89715a0000-7f897220c000 r-xp 00000000 08:01 13372164                   /home/icuz/Documentos/android-studio/jre/jre/lib/amd64/server/libjvm.so
7f897220c000-7f897240c000 ---p 00c6c000 08:01 13372164                   /home/icuz/Documentos/android-studio/jre/jre/lib/amd64/server/libjvm.so
7f897240c000-7f89724a0000 r--p 00c6c000 08:01 13372164                   /home/icuz/Documentos/android-studio/jre/jre/lib/amd64/server/libjvm.so
7f89724a0000-7f89724c8000 rw-p 00d00000 08:01 13372164                   /home/icuz/Documentos/android-studio/jre/jre/lib/amd64/server/libjvm.so
7f89724c8000-7f89724f9000 rw-p 00000000 00:00 0 
7f8972500000-7f8972522000 r--p 00000000 08:01 9964841                    /usr/lib64/libc-2.28.so
7f8972522000-7f897266f000 r-xp 00022000 08:01 9964841                    /usr/lib64/libc-2.28.so
7f897266f000-7f89726bb000 r--p 0016f000 08:01 9964841                    /usr/lib64/libc-2.28.so
7f89726bb000-7f89726bc000 ---p 001bb000 08:01 9964841                    /usr/lib64/libc-2.28.so
7f89726bc000-7f89726c0000 r--p 001bb000 08:01 9964841                    /usr/lib64/libc-2.28.so
7f89726c0000-7f89726c2000 rw-p 001bf000 08:01 9964841                    /usr/lib64/libc-2.28.so
7f89726c2000-7f89726c6000 rw-p 00000000 00:00 0 
7f89726c8000-7f89726c9000 r--p 00000000 08:01 9965491                    /usr/lib64/libdl-2.28.so
7f89726c9000-7f89726cb000 r-xp 00001000 08:01 9965491                    /usr/lib64/libdl-2.28.so
7f89726cb000-7f89726cc000 r--p 00003000 08:01 9965491                    /usr/lib64/libdl-2.28.so
7f89726cc000-7f89726cd000 r--p 00003000 08:01 9965491                    /usr/lib64/libdl-2.28.so
7f89726cd000-7f89726ce000 rw-p 00004000 08:01 9965491                    /usr/lib64/libdl-2.28.so
7f89726d0000-7f89726e6000 r-xp 00000000 08:01 13372137                   /home/icuz/Documentos/android-studio/jre/jre/lib/amd64/jli/libjli.so
7f89726e6000-7f89728e6000 ---p 00016000 08:01 13372137                   /home/icuz/Documentos/android-studio/jre/jre/lib/amd64/jli/libjli.so
7f89728e6000-7f89728e7000 r--p 00016000 08:01 13372137                   /home/icuz/Documentos/android-studio/jre/jre/lib/amd64/jli/libjli.so
7f89728e7000-7f89728e8000 rw-p 00017000 08:01 13372137                   /home/icuz/Documentos/android-studio/jre/jre/lib/amd64/jli/libjli.so
7f89728e8000-7f89728ee000 r--p 00000000 08:01 9965498                    /usr/lib64/libpthread-2.28.so
7f89728ee000-7f89728fe000 r-xp 00006000 08:01 9965498                    /usr/lib64/libpthread-2.28.so
7f89728fe000-7f8972904000 r--p 00016000 08:01 9965498                    /usr/lib64/libpthread-2.28.so
7f8972904000-7f8972905000 r--p 0001b000 08:01 9965498                    /usr/lib64/libpthread-2.28.so
7f8972905000-7f8972906000 rw-p 0001c000 08:01 9965498                    /usr/lib64/libpthread-2.28.so
7f8972906000-7f897290a000 rw-p 00000000 00:00 0 
7f8972911000-7f8972913000 r--s 00009000 08:01 4334593                    /home/icuz/.gradle/caches/modules-2/files-2.1/org.jetbrains.kotlin/kotlin-script-runtime/1.3.11/1ef3a816aeacb9cd051b3ed37e2abf88910f1503/kotlin-script-runtime-1.3.11.jar
7f8972916000-7f8972920000 r--s 00116000 08:01 13372133                   /home/icuz/Documentos/android-studio/jre/jre/lib/ext/localedata.jar
7f8972920000-7f8972928000 rw-s 00000000 00:2b 102861                     /tmp/hsperfdata_icuz/4297
7f897292f000-7f8972930000 rw-p 00000000 00:00 0 
7f8972930000-7f8972931000 r--p 00000000 08:01 9962901                    /usr/lib64/ld-2.28.so
7f8972931000-7f8972951000 r-xp 00001000 08:01 9962901                    /usr/lib64/ld-2.28.so
7f8972951000-7f8972959000 r--p 00021000 08:01 9962901                    /usr/lib64/ld-2.28.so
7f8972959000-7f897295a000 ---p 00000000 00:00 0 
7f897295a000-7f897295b000 r--p 00029000 08:01 9962901                    /usr/lib64/ld-2.28.so
7f897295b000-7f897295c000 rw-p 0002a000 08:01 9962901                    /usr/lib64/ld-2.28.so
7f897295c000-7f897295f000 rw-p 00000000 00:00 0 
7f897295f000-7f8972961000 rw-p 00000000 00:00 0 
7ffc07aac000-7ffc07ace000 rw-p 00000000 00:00 0                          [stack]
7ffc07b88000-7ffc07b8b000 r--p 00000000 00:00 0                          [vvar]
7ffc07b8b000-7ffc07b8d000 r-xp 00000000 00:00 0                          [vdso]
ffffffffff600000-ffffffffff601000 r-xp 00000000 00:00 0                  [vsyscall]

VM Arguments:
jvm_args: -Djava.awt.headless=true -Djava.rmi.server.hostname=127.0.0.1 -Xmx2048m -Dkotlin.environment.keepalive 
java_command: org.jetbrains.kotlin.daemon.KotlinCompileDaemon --daemon-runFilesPath /home/icuz/.local/share/kotlin/daemon --daemon-autoshutdownIdleSeconds=7200 --daemon-compilerClasspath /home/icuz/.gradle/caches/modules-2/files-2.1/org.jetbrains.kotlin/kotlin-compiler-embeddable/1.3.11/a8db6c14f8b8ed74aa11b8379f961587b639c571/kotlin-compiler-embeddable-1.3.11.jar:/home/icuz/.gradle/caches/modules-2/files-2.1/org.jetbrains.kotlin/kotlin-reflect/1.3.11/aae7b33412715e9ed441934c4ffaad1bb80e9d36/kotlin-reflect-1.3.11.jar:/home/icuz/.gradle/caches/modules-2/files-2.1/org.jetbrains.kotlin/kotlin-stdlib/1.3.11/4cbc5922a54376018307a731162ccaf3ef851a39/kotlin-stdlib-1.3.11.jar:/home/icuz/.gradle/caches/modules-2/files-2.1/org.jetbrains.kotlin/kotlin-script-runtime/1.3.11/1ef3a816aeacb9cd051b3ed37e2abf88910f1503/kotlin-script-runtime-1.3.11.jar:/home/icuz/.gradle/caches/modules-2/files-2.1/org.jetbrains.kotlin/kotlin-stdlib-common/1.3.11/d8b8e746e279f1c4f5e08bc14a96b82e6bb1de02/kotlin-stdlib-common-1.3.11.jar:/home/icuz/.gradle/caches/modules-2/files-2.1/org.jetbrains/annotations/13.0/919f0dfe192fb4e063e7dacadee7f8bb9a2672a9/annotations-13.0.jar:/home/icuz/Documentos/android-studio/jre/lib/tools.jar
java_class_path (initial): /home/icuz/.gradle/caches/modules-2/files-2.1/org.jetbrains.kotlin/kotlin-compiler-embeddable/1.3.11/a8db6c14f8b8ed74aa11b8379f961587b639c571/kotlin-compiler-embeddable-1.3.11.jar:/home/icuz/.gradle/caches/modules-2/files-2.1/org.jetbrains.kotlin/kotlin-reflect/1.3.11/aae7b33412715e9ed441934c4ffaad1bb80e9d36/kotlin-reflect-1.3.11.jar:/home/icuz/.gradle/caches/modules-2/files-2.1/org.jetbrains.kotlin/kotlin-stdlib/1.3.11/4cbc5922a54376018307a731162ccaf3ef851a39/kotlin-stdlib-1.3.11.jar:/home/icuz/.gradle/caches/modules-2/files-2.1/org.jetbrains.kotlin/kotlin-script-runtime/1.3.11/1ef3a816aeacb9cd051b3ed37e2abf88910f1503/kotlin-script-runtime-1.3.11.jar:/home/icuz/.gradle/caches/modules-2/files-2.1/org.jetbrains.kotlin/kotlin-stdlib-common/1.3.11/d8b8e746e279f1c4f5e08bc14a96b82e6bb1de02/kotlin-stdlib-common-1.3.11.jar:/home/icuz/.gradle/caches/modules-2/files-2.1/org.jetbrains/annotations/13.0/919f0dfe192fb4e063e7dacadee7f8bb9a2672a9/annotations-13.0.jar:/home/icuz/Documentos/android-studio/jre/lib/tools.jar
Launcher Type: SUN_STANDARD

Environment Variables:
PATH=/usr/share/Modules/bin:/usr/local/bin:/usr/local/sbin:/usr/bin:/usr/sbin:/home/icuz/.local/bin:/home/icuz/bin
USERNAME=icuz
SHELL=/bin/bash
DISPLAY=:0

Signal Handlers:
SIGSEGV: [libjvm.so+0xa71670], sa_mask[0]=11111111011111111101111111111110, sa_flags=SA_RESTART|SA_SIGINFO
SIGBUS: [libjvm.so+0xa71670], sa_mask[0]=11111111011111111101111111111110, sa_flags=SA_RESTART|SA_SIGINFO
SIGFPE: [libjvm.so+0x8b1780], sa_mask[0]=11111111011111111101111111111110, sa_flags=SA_RESTART|SA_SIGINFO
SIGPIPE: [libjvm.so+0x8b1780], sa_mask[0]=11111111011111111101111111111110, sa_flags=SA_RESTART|SA_SIGINFO
SIGXFSZ: [libjvm.so+0x8b1780], sa_mask[0]=11111111011111111101111111111110, sa_flags=SA_RESTART|SA_SIGINFO
SIGILL: [libjvm.so+0x8b1780], sa_mask[0]=11111111011111111101111111111110, sa_flags=SA_RESTART|SA_SIGINFO
SIGUSR1: SIG_DFL, sa_mask[0]=00000000000000000000000000000000, sa_flags=none
SIGUSR2: [libjvm.so+0x8b1650], sa_mask[0]=00100000000000000000000000000000, sa_flags=SA_RESTART|SA_SIGINFO
SIGHUP: [libjvm.so+0x8b1ab0], sa_mask[0]=11111111011111111101111111111110, sa_flags=SA_RESTART|SA_SIGINFO
SIGINT: [libjvm.so+0x8b1ab0], sa_mask[0]=11111111011111111101111111111110, sa_flags=SA_RESTART|SA_SIGINFO
SIGTERM: [libjvm.so+0x8b1ab0], sa_mask[0]=11111111011111111101111111111110, sa_flags=SA_RESTART|SA_SIGINFO
SIGQUIT: [libjvm.so+0x8b1ab0], sa_mask[0]=11111111011111111101111111111110, sa_flags=SA_RESTART|SA_SIGINFO


---------------  S Y S T E M  ---------------

OS:Fedora release 29 (Twenty Nine)

uname:Linux 4.19.10-300.fc29.x86_64 #1 SMP Mon Dec 17 15:34:44 UTC 2018 x86_64
libc:glibc 2.28 NPTL 2.28 
rlimit: STACK 8192k, CORE infinity, NPROC 27500, NOFILE 4096, AS infinity
load average:2.37 1.88 1.72

/proc/meminfo:
MemTotal:        7075872 kB
MemFree:          120232 kB
MemAvailable:      24348 kB
Buffers:             376 kB
Cached:           114452 kB
SwapCached:            0 kB
Active:          6543048 kB
Inactive:         105996 kB
Active(anon):    6539836 kB
Inactive(anon):   101828 kB
Active(file):       3212 kB
Inactive(file):     4168 kB
Unevictable:           0 kB
Mlocked:               0 kB
SwapTotal:             0 kB
SwapFree:              0 kB
Dirty:                48 kB
Writeback:             0 kB
AnonPages:       6534880 kB
Mapped:           103840 kB
Shmem:            106784 kB
Slab:             174408 kB
SReclaimable:      70656 kB
SUnreclaim:       103752 kB
KernelStack:       13552 kB
PageTables:        34084 kB
NFS_Unstable:          0 kB
Bounce:                0 kB
WritebackTmp:          0 kB
CommitLimit:     3537936 kB
Committed_AS:   11230492 kB
VmallocTotal:   34359738367 kB
VmallocUsed:           0 kB
VmallocChunk:          0 kB
Percpu:             1824 kB
HardwareCorrupted:     0 kB
AnonHugePages:         0 kB
ShmemHugePages:        0 kB
ShmemPmdMapped:        0 kB
CmaTotal:              0 kB
CmaFree:               0 kB
HugePages_Total:       0
HugePages_Free:        0
HugePages_Rsvd:        0
HugePages_Surp:        0
Hugepagesize:       2048 kB
Hugetlb:               0 kB
DirectMap4k:      454504 kB
DirectMap2M:     6828032 kB
DirectMap1G:     1048576 kB


CPU:total 4 (initial active 4) (4 cores per cpu, 1 threads per core) family 21 model 48 stepping 1, cmov, cx8, fxsr, mmx, sse, sse2, sse3, ssse3, sse4.1, sse4.2, popcnt, avx, aes, clmul, mmxext, 3dnowpref, lzcnt, sse4a, tsc, tscinvbit, tscinv, bmi1

/proc/cpuinfo:
processor	: 0
vendor_id	: AuthenticAMD
cpu family	: 21
model		: 48
model name	: AMD A8-7600 Radeon R7, 10 Compute Cores 4C+6G
stepping	: 1
microcode	: 0x6003106
cpu MHz		: 2718.220
cache size	: 2048 KB
physical id	: 0
siblings	: 4
core id		: 0
cpu cores	: 2
apicid		: 16
initial apicid	: 0
fpu		: yes
fpu_exception	: yes
cpuid level	: 13
wp		: yes
flags		: fpu vme de pse tsc msr pae mce cx8 apic sep mtrr pge mca cmov pat pse36 clflush mmx fxsr sse sse2 ht syscall nx mmxext fxsr_opt pdpe1gb rdtscp lm constant_tsc rep_good nopl nonstop_tsc cpuid extd_apicid aperfmperf pni pclmulqdq monitor ssse3 fma cx16 sse4_1 sse4_2 popcnt aes xsave avx f16c lahf_lm cmp_legacy svm extapic cr8_legacy abm sse4a misalignsse 3dnowprefetch osvw ibs xop skinit wdt lwp fma4 tce nodeid_msr tbm topoext perfctr_core perfctr_nb bpext ptsc cpb hw_pstate ssbd vmmcall fsgsbase bmi1 xsaveopt arat npt lbrv svm_lock nrip_save tsc_scale vmcb_clean flushbyasid decodeassists pausefilter pfthreshold overflow_recov
bugs		: fxsave_leak sysret_ss_attrs null_seg spectre_v1 spectre_v2 spec_store_bypass
bogomips	: 6184.67
TLB size	: 1536 4K pages
clflush size	: 64
cache_alignment	: 64
address sizes	: 48 bits physical, 48 bits virtual
power management: ts ttp tm 100mhzsteps hwpstate cpb eff_freq_ro [13]

processor	: 1
vendor_id	: AuthenticAMD
cpu family	: 21
model		: 48
model name	: AMD A8-7600 Radeon R7, 10 Compute Cores 4C+6G
stepping	: 1
microcode	: 0x6003106
cpu MHz		: 2690.354
cache size	: 2048 KB
physical id	: 0
siblings	: 4
core id		: 1
cpu cores	: 2
apicid		: 17
initial apicid	: 1
fpu		: yes
fpu_exception	: yes
cpuid level	: 13
wp		: yes
flags		: fpu vme de pse tsc msr pae mce cx8 apic sep mtrr pge mca cmov pat pse36 clflush mmx fxsr sse sse2 ht syscall nx mmxext fxsr_opt pdpe1gb rdtscp lm constant_tsc rep_good nopl nonstop_tsc cpuid extd_apicid aperfmperf pni pclmulqdq monitor ssse3 fma cx16 sse4_1 sse4_2 popcnt aes xsave avx f16c lahf_lm cmp_legacy svm extapic cr8_legacy abm sse4a misalignsse 3dnowprefetch osvw ibs xop skinit wdt lwp fma4 tce nodeid_msr tbm topoext perfctr_core perfctr_nb bpext ptsc cpb hw_pstate ssbd vmmcall fsgsbase bmi1 xsaveopt arat npt lbrv svm_lock nrip_save tsc_scale vmcb_clean flushbyasid decodeassists pausefilter pfthreshold overflow_recov
bugs		: fxsave_leak sysret_ss_attrs null_seg spectre_v1 spectre_v2 spec_store_bypass
bogomips	: 6184.67
TLB size	: 1536 4K pages
clflush size	: 64
cache_alignment	: 64
address sizes	: 48 bits physical, 48 bits virtual
power management: ts ttp tm 100mhzsteps hwpstate cpb eff_freq_ro [13]

processor	: 2
vendor_id	: AuthenticAMD
cpu family	: 21
model		: 48
model name	: AMD A8-7600 Radeon R7, 10 Compute Cores 4C+6G
stepping	: 1
microcode	: 0x6003106
cpu MHz		: 1568.086
cache size	: 2048 KB
physical id	: 0
siblings	: 4
core id		: 2
cpu cores	: 2
apicid		: 18
initial apicid	: 2
fpu		: yes
fpu_exception	: yes
cpuid level	: 13
wp		: yes
flags		: fpu vme de pse tsc msr pae mce cx8 apic sep mtrr pge mca cmov pat pse36 clflush mmx fxsr sse sse2 ht syscall nx mmxext fxsr_opt pdpe1gb rdtscp lm constant_tsc rep_good nopl nonstop_tsc cpuid extd_apicid aperfmperf pni pclmulqdq monitor ssse3 fma cx16 sse4_1 sse4_2 popcnt aes xsave avx f16c lahf_lm cmp_legacy svm extapic cr8_legacy abm sse4a misalignsse 3dnowprefetch osvw ibs xop skinit wdt lwp fma4 tce nodeid_msr tbm topoext perfctr_core perfctr_nb bpext ptsc cpb hw_pstate ssbd vmmcall fsgsbase bmi1 xsaveopt arat npt lbrv svm_lock nrip_save tsc_scale vmcb_clean flushbyasid decodeassists pausefilter pfthreshold overflow_recov
bugs		: fxsave_leak sysret_ss_attrs null_seg spectre_v1 spectre_v2 spec_store_bypass
bogomips	: 6184.67
TLB size	: 1536 4K pages
clflush size	: 64
cache_alignment	: 64
address sizes	: 48 bits physical, 48 bits virtual
power management: ts ttp tm 100mhzsteps hwpstate cpb eff_freq_ro [13]

processor	: 3
vendor_id	: AuthenticAMD
cpu family	: 21
model		: 48
model name	: AMD A8-7600 Radeon R7, 10 Compute Cores 4C+6G
stepping	: 1
microcode	: 0x6003106
cpu MHz		: 1609.995
cache size	: 2048 KB
physical id	: 0
siblings	: 4
core id		: 3
cpu cores	: 2
apicid		: 19
initial apicid	: 3
fpu		: yes
fpu_exception	: yes
cpuid level	: 13
wp		: yes
flags		: fpu vme de pse tsc msr pae mce cx8 apic sep mtrr pge mca cmov pat pse36 clflush mmx fxsr sse sse2 ht syscall nx mmxext fxsr_opt pdpe1gb rdtscp lm constant_tsc rep_good nopl nonstop_tsc cpuid extd_apicid aperfmperf pni pclmulqdq monitor ssse3 fma cx16 sse4_1 sse4_2 popcnt aes xsave avx f16c lahf_lm cmp_legacy svm extapic cr8_legacy abm sse4a misalignsse 3dnowprefetch osvw ibs xop skinit wdt lwp fma4 tce nodeid_msr tbm topoext perfctr_core perfctr_nb bpext ptsc cpb hw_pstate ssbd vmmcall fsgsbase bmi1 xsaveopt arat npt lbrv svm_lock nrip_save tsc_scale vmcb_clean flushbyasid decodeassists pausefilter pfthreshold overflow_recov
bugs		: fxsave_leak sysret_ss_attrs null_seg spectre_v1 spectre_v2 spec_store_bypass
bogomips	: 6184.67
TLB size	: 1536 4K pages
clflush size	: 64
cache_alignment	: 64
address sizes	: 48 bits physical, 48 bits virtual
power management: ts ttp tm 100mhzsteps hwpstate cpb eff_freq_ro [13]



Memory: 4k page, physical 7075872k(119508k free), swap 0k(0k free)

vm_info: OpenJDK 64-Bit Server VM (25.152-b06) for linux-amd64 JRE (1.8.0_152-release-1136-b06), built by "builder" with gcc 7.3.0

time: Fri Dec 28 13:21:44 2018
elapsed time: 4113 seconds (0d 1h 8m 33s)

